============================= test session starts ==============================
platform darwin -- Python 3.13.5, pytest-8.2.0, pluggy-1.6.0 -- /Users/mohammad/school-sms/sms_tests/venv/bin/python3.13
cachedir: .pytest_cache
metadata: {'Python': '3.13.5', 'Platform': 'macOS-26.1-arm64-arm-64bit-Mach-O', 'Packages': {'pytest': '8.2.0', 'pluggy': '1.6.0'}, 'Plugins': {'playwright': '0.5.1', 'Faker': '25.0.0', 'html': '4.1.1', 'json-report': '1.5.0', 'metadata': '3.1.1', 'base-url': '2.1.0', 'anyio': '4.13.0'}, 'Base URL': ''}
rootdir: /Users/mohammad/school-sms/sms_tests
configfile: pytest.ini
testpaths: tests
plugins: playwright-0.5.1, Faker-25.0.0, html-4.1.1, json-report-1.5.0, metadata-3.1.1, base-url-2.1.0, anyio-4.13.0
collecting ... collected 135 items

tests/test_attendance.py::TestDailyAttendance::test_roster_shows_only_active_students PASSED [  0%]
tests/test_attendance.py::TestDailyAttendance::test_removed_student_not_on_roster PASSED [  1%]
tests/test_attendance.py::TestDailyAttendance::test_mark_all_present PASSED [  2%]
tests/test_attendance.py::TestDailyAttendance::test_mark_all_absent PASSED [  2%]
tests/test_attendance.py::TestDailyAttendance::test_mixed_status_palt PASSED [  3%]
tests/test_attendance.py::TestDailyAttendance::test_save_attendance_past_date PASSED [  4%]
tests/test_attendance.py::TestDailyAttendance::test_save_attendance_future_date PASSED [  5%]
tests/test_attendance.py::TestDailyAttendance::test_attendance_prefilled_on_revisit PASSED [  5%]
tests/test_attendance.py::TestDailyAttendance::test_update_attendance_no_duplicates PASSED [  6%]
tests/test_attendance.py::TestDailyAttendance::test_empty_class_shows_empty_state PASSED [  7%]
tests/test_attendance.py::TestMonthlySummary::test_no_attendance_shows_zero PASSED [  8%]
tests/test_attendance.py::TestMonthlySummary::test_100_percent_attendance PASSED [  8%]
tests/test_attendance.py::TestMonthlySummary::test_75_percent_boundary_not_highlighted PASSED [  9%]
tests/test_attendance.py::TestMonthlySummary::test_below_75_percent_highlighted PASSED [ 10%]
tests/test_attendance.py::TestMonthlySummary::test_sundays_excluded_from_working_days PASSED [ 11%]
tests/test_attendance.py::TestMonthlySummary::test_february_calculated_correctly PASSED [ 11%]
tests/test_fees.py::TestFeeStructure::test_load_gseb_fee_heads PASSED    [ 12%]
tests/test_fees.py::TestFeeStructure::test_load_gseb_heads_twice_no_duplicates PASSED [ 13%]
tests/test_fees.py::TestFeeStructure::test_add_fee_amount_zero_rejected PASSED [ 14%]
tests/test_fees.py::TestFeeStructure::test_add_fee_negative_amount_rejected PASSED [ 14%]
tests/test_fees.py::TestFeeStructure::test_add_fee_large_amount PASSED   [ 15%]
tests/test_fees.py::TestFeeStructure::test_remove_fee_from_structure PASSED [ 16%]
tests/test_fees.py::TestFeeStructure::test_assign_fees_to_class_no_duplicates PASSED [ 17%]
tests/test_fees.py::TestFeeStructure::test_assign_fees_class_zero_students PASSED [ 17%]
tests/test_fees.py::TestPayments::test_payment_exact_balance_zeroes_out SKIPPED [ 18%]
tests/test_fees.py::TestPayments::test_payment_zero_rejected PASSED      [ 19%]
tests/test_fees.py::TestPayments::test_payment_negative_rejected PASSED  [ 20%]
tests/test_fees.py::TestPayments::test_two_payments_same_fee_head SKIPPED [ 20%]
tests/test_fees.py::TestPayments::test_receipt_generated_per_mode[Cash] SKIPPED [ 21%]
tests/test_fees.py::TestPayments::test_receipt_generated_per_mode[UPI] SKIPPED [ 22%]
tests/test_fees.py::TestPayments::test_receipt_numbers_sequential_unique SKIPPED [ 22%]
tests/test_fees.py::TestPayments::test_overpayment_behavior SKIPPED (No
fees assigned)                                                           [ 23%]
tests/test_fees.py::TestDefaulters::test_fully_paid_student_not_in_defaulters SKIPPED [ 24%]
tests/test_fees.py::TestDefaulters::test_partial_payment_appears_in_defaulters SKIPPED [ 25%]
tests/test_fees.py::TestDefaulters::test_zero_fees_student_not_in_defaulters PASSED [ 25%]
tests/test_fees.py::TestDefaulters::test_filter_defaulters_by_class PASSED [ 26%]
tests/test_fees.py::TestDefaulters::test_tiny_balance_still_in_defaulters SKIPPED [ 27%]
tests/test_marks.py::TestMarksGrid::test_load_gseb_subjects_std1 PASSED  [ 28%]
tests/test_marks.py::TestMarksGrid::test_load_gseb_subjects_std10 PASSED [ 28%]
tests/test_marks.py::TestMarksGrid::test_load_subjects_twice_no_duplicates PASSED [ 29%]
tests/test_marks.py::TestMarksGrid::test_marks_entry_zero PASSED         [ 30%]
tests/test_marks.py::TestMarksGrid::test_marks_entry_max PASSED          [ 31%]
tests/test_marks.py::TestMarksGrid::test_marks_entry_exceeds_max_rejected PASSED [ 31%]
tests/test_marks.py::TestMarksGrid::test_marks_entry_decimal PASSED      [ 32%]
tests/test_marks.py::TestMarksGrid::test_mark_student_absent PASSED      [ 33%]
tests/test_marks.py::TestMarksGrid::test_marks_persist_after_save PASSED [ 34%]
tests/test_marks.py::TestMarksGrid::test_marks_update_correctly PASSED   [ 34%]
tests/test_marks.py::TestMarksGrid::test_removed_student_not_in_marks_grid PASSED [ 35%]
tests/test_marks.py::TestGradeCalculation::test_grade_thresholds[95-100-A1-10.0] PASSED [ 36%]
tests/test_marks.py::TestGradeCalculation::test_grade_thresholds[85-100-A2-9.0] PASSED [ 37%]
tests/test_marks.py::TestGradeCalculation::test_grade_thresholds[75-100-B1-8.0] PASSED [ 37%]
tests/test_marks.py::TestGradeCalculation::test_grade_thresholds[65-100-B2-7.0] PASSED [ 38%]
tests/test_marks.py::TestGradeCalculation::test_grade_thresholds[55-100-C1-6.0] PASSED [ 39%]
tests/test_marks.py::TestGradeCalculation::test_grade_thresholds[45-100-C2-5.0] PASSED [ 40%]
tests/test_marks.py::TestGradeCalculation::test_grade_thresholds[35-100-D-4.0] PASSED [ 40%]
tests/test_marks.py::TestGradeCalculation::test_grade_thresholds[33-100-D-4.0] PASSED [ 41%]
tests/test_marks.py::TestGradeCalculation::test_grade_thresholds[32-100-E-0.0] PASSED [ 42%]
tests/test_marks.py::TestGradeCalculation::test_grade_thresholds[30-100-E-0.0] PASSED [ 42%]
tests/test_marks.py::TestGradeCalculation::test_perfect_score_cgpa_is_exactly_10 PASSED [ 43%]
tests/test_marks.py::TestGradeCalculation::test_absent_subject_causes_fail PASSED [ 44%]
tests/test_marks.py::TestGradeCalculation::test_pass_all_subjects PASSED [ 45%]
tests/test_marks.py::TestGradeCalculation::test_fail_one_subject_fails_overall PASSED [ 45%]
tests/test_marks.py::TestGradeCalculation::test_class_rank_top_scorer_is_rank1 PASSED [ 46%]
tests/test_marks.py::TestGradeCalculation::test_same_percentage_same_rank PASSED [ 47%]
tests/test_marks.py::TestResultsPDF::test_marksheet_pdf_generates PASSED [ 48%]
tests/test_marks.py::TestResultsPDF::test_bulk_class_pdf_generates PASSED [ 48%]
tests/test_marks.py::TestResultsPDF::test_results_sorted_by_rank PASSED  [ 49%]
tests/test_marks.py::TestResultsPDF::test_results_page_empty_class PASSED [ 50%]
tests/test_reports_tc_system.py::TestReportPDFs::test_fee_defaulter_report_with_defaulters PASSED [ 51%]
tests/test_reports_tc_system.py::TestReportPDFs::test_fee_defaulter_report_no_defaulters PASSED [ 51%]
tests/test_reports_tc_system.py::TestReportPDFs::test_fee_defaulter_report_school_name PASSED [ 52%]
tests/test_reports_tc_system.py::TestReportPDFs::test_attendance_report_with_data PASSED [ 53%]
tests/test_reports_tc_system.py::TestReportPDFs::test_attendance_report_empty_class PASSED [ 54%]
tests/test_reports_tc_system.py::TestReportPDFs::test_class_result_report_pdf PASSED [ 54%]
tests/test_reports_tc_system.py::TestReportPDFs::test_class_result_report_no_marks PASSED [ 55%]
tests/test_reports_tc_system.py::TestTransferCertificate::test_tc_active_student PASSED [ 56%]
tests/test_reports_tc_system.py::TestTransferCertificate::test_tc_already_issued_student PASSED [ 57%]
tests/test_reports_tc_system.py::TestTransferCertificate::test_tc_shows_correct_class_and_year PASSED [ 57%]
tests/test_reports_tc_system.py::TestTransferCertificate::test_tc_number_unique PASSED [ 58%]
tests/test_reports_tc_system.py::TestTransferCertificate::test_tc_issue_date_is_today PASSED [ 59%]
tests/test_reports_tc_system.py::TestTransferCertificate::test_tc_no_gr_number_shows_dash PASSED [ 60%]
tests/test_reports_tc_system.py::TestTransferCertificate::test_tc_removed_student_still_works PASSED [ 60%]
tests/test_reports_tc_system.py::TestYearEnd::test_create_new_academic_year PASSED [ 61%]
tests/test_reports_tc_system.py::TestYearEnd::test_old_year_not_current_after_new_one PASSED [ 62%]
tests/test_reports_tc_system.py::TestYearEnd::test_classes_auto_created_for_new_year PASSED [ 62%]
tests/test_reports_tc_system.py::TestYearEnd::test_add_class_division PASSED [ 63%]
tests/test_reports_tc_system.py::TestYearEnd::test_add_duplicate_class_division_prevented PASSED [ 64%]
tests/test_reports_tc_system.py::TestYearEnd::test_promote_class1_to_class2 PASSED [ 65%]
tests/test_reports_tc_system.py::TestYearEnd::test_promote_class10_shows_error PASSED [ 65%]
tests/test_reports_tc_system.py::TestYearEnd::test_promote_empty_class_shows_zero PASSED [ 66%]
tests/test_reports_tc_system.py::TestSystemIntegration::test_full_student_lifecycle PASSED [ 67%]
tests/test_reports_tc_system.py::TestSystemIntegration::test_api_docs_endpoint PASSED [ 68%]
tests/test_reports_tc_system.py::TestSystemIntegration::test_openapi_schema PASSED [ 68%]
tests/test_reports_tc_system.py::TestSystemIntegration::test_no_500_errors_on_common_endpoints PASSED [ 69%]
tests/test_reports_tc_system.py::TestSystemUI::test_dashboard_loads PASSED [ 70%]
tests/test_reports_tc_system.py::TestSystemUI::test_browser_back_button FAILED [ 71%]
tests/test_reports_tc_system.py::TestSystemUI::test_direct_url_access PASSED [ 71%]
tests/test_reports_tc_system.py::TestSystemUI::test_page_refresh_stays_on_same_page PASSED [ 72%]
tests/test_reports_tc_system.py::TestSystemUI::test_dashboard_student_count_updates PASSED [ 73%]
tests/test_students.py::TestStudentCRUD::test_add_student_all_fields PASSED [ 74%]
tests/test_students.py::TestStudentCRUD::test_add_student_only_required_fields PASSED [ 74%]
tests/test_students.py::TestStudentCRUD::test_add_student_gujarati_name PASSED [ 75%]
tests/test_students.py::TestStudentCRUD::test_add_two_students_same_name PASSED [ 76%]
tests/test_students.py::TestStudentCRUD::test_add_10_plus_students_same_class PASSED [ 77%]
tests/test_students.py::TestStudentCRUD::test_edit_student_change_class PASSED [ 77%]
tests/test_students.py::TestStudentCRUD::test_edit_student_contact_validation_still_works PASSED [ 78%]
tests/test_students.py::TestStudentCRUD::test_remove_student PASSED      [ 79%]
tests/test_students.py::TestStudentCRUD::test_removed_student_not_in_defaulters PASSED [ 80%]
tests/test_students.py::TestStudentCRUD::test_removed_student_not_in_attendance_roster PASSED [ 80%]
tests/test_students.py::TestStudentCRUD::test_removed_student_not_in_marks_grid PASSED [ 81%]
tests/test_students.py::TestStudentCRUD::test_tc_still_works_for_removed_student PASSED [ 82%]
tests/test_students.py::TestStudentValidation::test_invalid_contact_number[0123456789-starts with 0] PASSED [ 82%]
tests/test_students.py::TestStudentValidation::test_invalid_contact_number[123456789-9 digits] PASSED [ 83%]
tests/test_students.py::TestStudentValidation::test_invalid_contact_number[12345678901-11 digits] PASSED [ 84%]
tests/test_students.py::TestStudentValidation::test_invalid_contact_number[abcdefghij-non-numeric] PASSED [ 85%]
tests/test_students.py::TestStudentValidation::test_invalid_roll_number[0-zero] PASSED [ 85%]
tests/test_students.py::TestStudentValidation::test_invalid_roll_number[-1-negative] PASSED [ 86%]
tests/test_students.py::TestStudentValidation::test_future_date_of_birth PASSED [ 87%]
tests/test_students.py::TestStudentValidation::test_today_date_of_birth PASSED [ 88%]
tests/test_students.py::TestStudentValidation::test_same_class_same_roll_number_prevented PASSED [ 88%]
tests/test_students.py::TestStudentValidation::test_student_very_long_name PASSED [ 89%]
tests/test_students.py::TestStudentValidation::test_no_gr_number PASSED  [ 90%]
tests/test_students.py::TestStudentValidation::test_no_roll_number PASSED [ 91%]
tests/test_students.py::TestStudentValidation::test_aadhar_boundary_digits[12345678901-11] PASSED [ 91%]
tests/test_students.py::TestStudentValidation::test_aadhar_boundary_digits[1234567890123-13] PASSED [ 92%]
tests/test_students.py::TestStudentSearchFilter::test_search_by_partial_name PASSED [ 93%]
tests/test_students.py::TestStudentSearchFilter::test_search_by_contact_number PASSED [ 94%]
tests/test_students.py::TestStudentSearchFilter::test_search_by_gr_number PASSED [ 94%]
tests/test_students.py::TestStudentSearchFilter::test_search_case_insensitive PASSED [ 95%]
tests/test_students.py::TestStudentSearchFilter::test_filter_by_class PASSED [ 96%]
tests/test_students.py::TestStudentSearchFilter::test_filter_class_plus_search PASSED [ 97%]
tests/test_students.py::TestStudentUI::test_student_list_page_loads FAILED [ 97%]
tests/test_students.py::TestStudentUI::test_add_student_form_opens FAILED [ 98%]
tests/test_students.py::TestStudentUI::test_search_ui_filters_students FAILED [ 99%]
tests/test_students.py::TestStudentUI::test_invalid_contact_shows_error_ui SKIPPEDms exceeded.
Call log:
  - waiting for
locator("input[placeholder*='contact'],
input[placeholder*='10-digit']").first)                                  [100%]

=================================== FAILURES ===================================
____________________ TestSystemUI.test_browser_back_button _____________________
tests/test_reports_tc_system.py:323: in test_browser_back_button
    assert "students" in authenticated_page.url, (
E   AssertionError: Back should go to /students, got http://localhost/login
E   assert 'students' in 'http://localhost/login'
E    +  where 'http://localhost/login' = <Page url='http://localhost/login'>.url
__________________ TestStudentUI.test_student_list_page_loads __________________
tests/test_students.py:348: in test_student_list_page_loads
    authenticated_page.wait_for_selector(
venv/lib/python3.13/site-packages/playwright/sync_api/_generated.py:8169: in wait_for_selector
    self._sync(
venv/lib/python3.13/site-packages/playwright/_impl/_page.py:424: in wait_for_selector
    return await self._main_frame.wait_for_selector(**locals_to_params(locals()))
venv/lib/python3.13/site-packages/playwright/_impl/_frame.py:323: in wait_for_selector
    await self._channel.send("waitForSelector", locals_to_params(locals()))
venv/lib/python3.13/site-packages/playwright/_impl/_connection.py:61: in send
    return await self._connection.wrap_api_call(
venv/lib/python3.13/site-packages/playwright/_impl/_connection.py:528: in wrap_api_call
    raise rewrite_error(error, f"{parsed_st['apiName']}: {error}") from None
E   playwright._impl._errors.TimeoutError: Page.wait_for_selector: Timeout 8000ms exceeded.
E   Call log:
E     - waiting for locator("table, [data-testid='student-list'], .student-list") to be visible
__________________ TestStudentUI.test_add_student_form_opens ___________________
tests/test_students.py:356: in test_add_student_form_opens
    authenticated_page.click(
venv/lib/python3.13/site-packages/playwright/sync_api/_generated.py:9909: in click
    self._sync(
venv/lib/python3.13/site-packages/playwright/_impl/_page.py:827: in click
    return await self._main_frame.click(**locals_to_params(locals()))
venv/lib/python3.13/site-packages/playwright/_impl/_frame.py:488: in click
    await self._channel.send("click", locals_to_params(locals()))
venv/lib/python3.13/site-packages/playwright/_impl/_connection.py:61: in send
    return await self._connection.wrap_api_call(
venv/lib/python3.13/site-packages/playwright/_impl/_connection.py:528: in wrap_api_call
    raise rewrite_error(error, f"{parsed_st['apiName']}: {error}") from None
E   playwright._impl._errors.TimeoutError: Page.click: Timeout 10000ms exceeded.
E   Call log:
E     - waiting for locator("a:has-text('Add Student'), button:has-text('Add'), [data-testid='add-student']")
________________ TestStudentUI.test_search_ui_filters_students _________________
tests/test_students.py:369: in test_search_ui_filters_students
    search_input.fill("Rah")
venv/lib/python3.13/site-packages/playwright/sync_api/_generated.py:15795: in fill
    self._sync(
venv/lib/python3.13/site-packages/playwright/_impl/_locator.py:208: in fill
    return await self._frame.fill(self._selector, strict=True, **params)
venv/lib/python3.13/site-packages/playwright/_impl/_frame.py:527: in fill
    await self._channel.send("fill", locals_to_params(locals()))
venv/lib/python3.13/site-packages/playwright/_impl/_connection.py:61: in send
    return await self._connection.wrap_api_call(
venv/lib/python3.13/site-packages/playwright/_impl/_connection.py:528: in wrap_api_call
    raise rewrite_error(error, f"{parsed_st['apiName']}: {error}") from None
E   playwright._impl._errors.TimeoutError: Locator.fill: Timeout 10000ms exceeded.
E   Call log:
E     - waiting for locator("input[placeholder*='Search'], input[type='search'], [data-testid='search']").first
--------------------------------- JSON report ----------------------------------
report saved to: reports/report.json
- Generated html report: file:///Users/mohammad/school-sms/sms_tests/reports/report.html -
=========================== short test summary info ============================
FAILED tests/test_reports_tc_system.py::TestSystemUI::test_browser_back_button - AssertionError: Back should go to /students, got http://localhost/login
assert 'students' in 'http://localhost/login'
 +  where 'http://localhost/login' = <Page url='http://localhost/login'>.url
FAILED tests/test_students.py::TestStudentUI::test_student_list_page_loads - playwright._impl._errors.TimeoutError: Page.wait_for_selector: Timeout 8000ms exceeded.
Call log:
  - waiting for locator("table, [data-testid='student-list'], .student-list") to be visible
FAILED tests/test_students.py::TestStudentUI::test_add_student_form_opens - playwright._impl._errors.TimeoutError: Page.click: Timeout 10000ms exceeded.
Call log:
  - waiting for locator("a:has-text('Add Student'), button:has-text('Add'), [data-testid='add-student']")
FAILED tests/test_students.py::TestStudentUI::test_search_ui_filters_students - playwright._impl._errors.TimeoutError: Locator.fill: Timeout 10000ms exceeded.
Call log:
  - waiting for locator("input[placeholder*='Search'], input[type='search'], [data-testid='search']").first
================== 4 failed, 121 passed, 10 skipped in 54.42s ==================
